Determining if the pthread_create exist failed with the following output:
Change Dir: /home/dank-engine/ELEC4010K_ws/build/CMakeFiles/CMakeTmp

Run Build Command:"/usr/bin/make" "cmTC_f2c1d/fast"
/usr/bin/make -f CMakeFiles/cmTC_f2c1d.dir/build.make CMakeFiles/cmTC_f2c1d.dir/build
make[1]: Entering directory '/home/dank-engine/ELEC4010K_ws/build/CMakeFiles/CMakeTmp'
Building C object CMakeFiles/cmTC_f2c1d.dir/CheckSymbolExists.c.o
/usr/bin/cc     -o CMakeFiles/cmTC_f2c1d.dir/CheckSymbolExists.c.o   -c /home/dank-engine/ELEC4010K_ws/build/CMakeFiles/CMakeTmp/CheckSymbolExists.c
Linking C executable cmTC_f2c1d
/usr/bin/cmake -E cmake_link_script CMakeFiles/cmTC_f2c1d.dir/link.txt --verbose=1
/usr/bin/cc       CMakeFiles/cmTC_f2c1d.dir/CheckSymbolExists.c.o  -o cmTC_f2c1d -rdynamic 
CMakeFiles/cmTC_f2c1d.dir/CheckSymbolExists.c.o: In function `main':
CheckSymbolExists.c:(.text+0x16): undefined reference to `pthread_create'
collect2: error: ld returned 1 exit status
CMakeFiles/cmTC_f2c1d.dir/build.make:97: recipe for target 'cmTC_f2c1d' failed
make[1]: *** [cmTC_f2c1d] Error 1
make[1]: Leaving directory '/home/dank-engine/ELEC4010K_ws/build/CMakeFiles/CMakeTmp'
Makefile:126: recipe for target 'cmTC_f2c1d/fast' failed
make: *** [cmTC_f2c1d/fast] Error 2

File /home/dank-engine/ELEC4010K_ws/build/CMakeFiles/CMakeTmp/CheckSymbolExists.c:
/* */
#include <pthread.h>

int main(int argc, char** argv)
{
  (void)argv;
#ifndef pthread_create
  return ((int*)(&pthread_create))[argc];
#else
  (void)argc;
  return 0;
#endif
}

Determining if the function pthread_create exists in the pthreads failed with the following output:
Change Dir: /home/dank-engine/ELEC4010K_ws/build/CMakeFiles/CMakeTmp

Run Build Command:"/usr/bin/make" "cmTC_9d3f3/fast"
/usr/bin/make -f CMakeFiles/cmTC_9d3f3.dir/build.make CMakeFiles/cmTC_9d3f3.dir/build
make[1]: Entering directory '/home/dank-engine/ELEC4010K_ws/build/CMakeFiles/CMakeTmp'
Building C object CMakeFiles/cmTC_9d3f3.dir/CheckFunctionExists.c.o
/usr/bin/cc    -DCHECK_FUNCTION_EXISTS=pthread_create   -o CMakeFiles/cmTC_9d3f3.dir/CheckFunctionExists.c.o   -c /usr/share/cmake-3.5/Modules/CheckFunctionExists.c
Linking C executable cmTC_9d3f3
/usr/bin/cmake -E cmake_link_script CMakeFiles/cmTC_9d3f3.dir/link.txt --verbose=1
/usr/bin/cc   -DCHECK_FUNCTION_EXISTS=pthread_create    CMakeFiles/cmTC_9d3f3.dir/CheckFunctionExists.c.o  -o cmTC_9d3f3 -rdynamic -lpthreads 
/usr/bin/ld: cannot find -lpthreads
collect2: error: ld returned 1 exit status
CMakeFiles/cmTC_9d3f3.dir/build.make:97: recipe for target 'cmTC_9d3f3' failed
make[1]: *** [cmTC_9d3f3] Error 1
make[1]: Leaving directory '/home/dank-engine/ELEC4010K_ws/build/CMakeFiles/CMakeTmp'
Makefile:126: recipe for target 'cmTC_9d3f3/fast' failed
make: *** [cmTC_9d3f3/fast] Error 2


Determining if the Q_WS_WIN exist failed with the following output:
Change Dir: /home/dank-engine/ELEC4010K_ws/build/CMakeFiles/CMakeTmp

Run Build Command:"/usr/bin/make" "cmTC_9f472/fast"
/usr/bin/make -f CMakeFiles/cmTC_9f472.dir/build.make CMakeFiles/cmTC_9f472.dir/build
make[1]: Entering directory '/home/dank-engine/ELEC4010K_ws/build/CMakeFiles/CMakeTmp'
Building CXX object CMakeFiles/cmTC_9f472.dir/CheckSymbolExists.cxx.o
/usr/bin/c++    -I/usr/include/qt4   -o CMakeFiles/cmTC_9f472.dir/CheckSymbolExists.cxx.o -c /home/dank-engine/ELEC4010K_ws/build/CMakeFiles/CMakeTmp/CheckSymbolExists.cxx
/home/dank-engine/ELEC4010K_ws/build/CMakeFiles/CMakeTmp/CheckSymbolExists.cxx: In function ‘int main(int, char**)’:
/home/dank-engine/ELEC4010K_ws/build/CMakeFiles/CMakeTmp/CheckSymbolExists.cxx:8:19: error: ‘Q_WS_WIN’ was not declared in this scope
   return ((int*)(&Q_WS_WIN))[argc];
                   ^
CMakeFiles/cmTC_9f472.dir/build.make:65: recipe for target 'CMakeFiles/cmTC_9f472.dir/CheckSymbolExists.cxx.o' failed
make[1]: *** [CMakeFiles/cmTC_9f472.dir/CheckSymbolExists.cxx.o] Error 1
make[1]: Leaving directory '/home/dank-engine/ELEC4010K_ws/build/CMakeFiles/CMakeTmp'
Makefile:126: recipe for target 'cmTC_9f472/fast' failed
make: *** [cmTC_9f472/fast] Error 2

File /home/dank-engine/ELEC4010K_ws/build/CMakeFiles/CMakeTmp/CheckSymbolExists.cxx:
/* */
#include <QtCore/qglobal.h>

int main(int argc, char** argv)
{
  (void)argv;
#ifndef Q_WS_WIN
  return ((int*)(&Q_WS_WIN))[argc];
#else
  (void)argc;
  return 0;
#endif
}

Determining if the Q_WS_QWS exist failed with the following output:
Change Dir: /home/dank-engine/ELEC4010K_ws/build/CMakeFiles/CMakeTmp

Run Build Command:"/usr/bin/make" "cmTC_f943f/fast"
/usr/bin/make -f CMakeFiles/cmTC_f943f.dir/build.make CMakeFiles/cmTC_f943f.dir/build
make[1]: Entering directory '/home/dank-engine/ELEC4010K_ws/build/CMakeFiles/CMakeTmp'
Building CXX object CMakeFiles/cmTC_f943f.dir/CheckSymbolExists.cxx.o
/usr/bin/c++    -I/usr/include/qt4   -o CMakeFiles/cmTC_f943f.dir/CheckSymbolExists.cxx.o -c /home/dank-engine/ELEC4010K_ws/build/CMakeFiles/CMakeTmp/CheckSymbolExists.cxx
/home/dank-engine/ELEC4010K_ws/build/CMakeFiles/CMakeTmp/CheckSymbolExists.cxx: In function ‘int main(int, char**)’:
/home/dank-engine/ELEC4010K_ws/build/CMakeFiles/CMakeTmp/CheckSymbolExists.cxx:8:19: error: ‘Q_WS_QWS’ was not declared in this scope
   return ((int*)(&Q_WS_QWS))[argc];
                   ^
CMakeFiles/cmTC_f943f.dir/build.make:65: recipe for target 'CMakeFiles/cmTC_f943f.dir/CheckSymbolExists.cxx.o' failed
make[1]: *** [CMakeFiles/cmTC_f943f.dir/CheckSymbolExists.cxx.o] Error 1
make[1]: Leaving directory '/home/dank-engine/ELEC4010K_ws/build/CMakeFiles/CMakeTmp'
Makefile:126: recipe for target 'cmTC_f943f/fast' failed
make: *** [cmTC_f943f/fast] Error 2

File /home/dank-engine/ELEC4010K_ws/build/CMakeFiles/CMakeTmp/CheckSymbolExists.cxx:
/* */
#include <QtCore/qglobal.h>

int main(int argc, char** argv)
{
  (void)argv;
#ifndef Q_WS_QWS
  return ((int*)(&Q_WS_QWS))[argc];
#else
  (void)argc;
  return 0;
#endif
}

Determining if the Q_WS_MAC exist failed with the following output:
Change Dir: /home/dank-engine/ELEC4010K_ws/build/CMakeFiles/CMakeTmp

Run Build Command:"/usr/bin/make" "cmTC_db3a3/fast"
/usr/bin/make -f CMakeFiles/cmTC_db3a3.dir/build.make CMakeFiles/cmTC_db3a3.dir/build
make[1]: Entering directory '/home/dank-engine/ELEC4010K_ws/build/CMakeFiles/CMakeTmp'
Building CXX object CMakeFiles/cmTC_db3a3.dir/CheckSymbolExists.cxx.o
/usr/bin/c++    -I/usr/include/qt4   -o CMakeFiles/cmTC_db3a3.dir/CheckSymbolExists.cxx.o -c /home/dank-engine/ELEC4010K_ws/build/CMakeFiles/CMakeTmp/CheckSymbolExists.cxx
/home/dank-engine/ELEC4010K_ws/build/CMakeFiles/CMakeTmp/CheckSymbolExists.cxx: In function ‘int main(int, char**)’:
/home/dank-engine/ELEC4010K_ws/build/CMakeFiles/CMakeTmp/CheckSymbolExists.cxx:8:19: error: ‘Q_WS_MAC’ was not declared in this scope
   return ((int*)(&Q_WS_MAC))[argc];
                   ^
CMakeFiles/cmTC_db3a3.dir/build.make:65: recipe for target 'CMakeFiles/cmTC_db3a3.dir/CheckSymbolExists.cxx.o' failed
make[1]: *** [CMakeFiles/cmTC_db3a3.dir/CheckSymbolExists.cxx.o] Error 1
make[1]: Leaving directory '/home/dank-engine/ELEC4010K_ws/build/CMakeFiles/CMakeTmp'
Makefile:126: recipe for target 'cmTC_db3a3/fast' failed
make: *** [cmTC_db3a3/fast] Error 2

File /home/dank-engine/ELEC4010K_ws/build/CMakeFiles/CMakeTmp/CheckSymbolExists.cxx:
/* */
#include <QtCore/qglobal.h>

int main(int argc, char** argv)
{
  (void)argv;
#ifndef Q_WS_MAC
  return ((int*)(&Q_WS_MAC))[argc];
#else
  (void)argc;
  return 0;
#endif
}

Determining if the include file pgm.h exists failed with the following output:
Change Dir: /home/dank-engine/ELEC4010K_ws/build/CMakeFiles/CMakeTmp

Run Build Command:"/usr/bin/make" "cmTC_57672/fast"
/usr/bin/make -f CMakeFiles/cmTC_57672.dir/build.make CMakeFiles/cmTC_57672.dir/build
make[1]: Entering directory '/home/dank-engine/ELEC4010K_ws/build/CMakeFiles/CMakeTmp'
Building CXX object CMakeFiles/cmTC_57672.dir/CheckIncludeFile.cxx.o
/usr/bin/c++      -o CMakeFiles/cmTC_57672.dir/CheckIncludeFile.cxx.o -c /home/dank-engine/ELEC4010K_ws/build/CMakeFiles/CMakeTmp/CheckIncludeFile.cxx
/home/dank-engine/ELEC4010K_ws/build/CMakeFiles/CMakeTmp/CheckIncludeFile.cxx:1:17: fatal error: pgm.h: No such file or directory
compilation terminated.
CMakeFiles/cmTC_57672.dir/build.make:65: recipe for target 'CMakeFiles/cmTC_57672.dir/CheckIncludeFile.cxx.o' failed
make[1]: *** [CMakeFiles/cmTC_57672.dir/CheckIncludeFile.cxx.o] Error 1
make[1]: Leaving directory '/home/dank-engine/ELEC4010K_ws/build/CMakeFiles/CMakeTmp'
Makefile:126: recipe for target 'cmTC_57672/fast' failed
make: *** [cmTC_57672/fast] Error 2


